<?xml version="1.0" encoding="UTF-8"?>
<testng-results ignored="0" total="1" passed="1" failed="0" skipped="0">
  <reporter-output>
  </reporter-output>
  <suite started-at="2025-09-09T17:51:25 IST" name="Default suite" finished-at="2025-09-09T17:52:12 IST" duration-ms="46460">
    <groups>
    </groups>
    <test started-at="2025-09-09T17:51:25 IST" name="Default test" finished-at="2025-09-09T17:52:12 IST" duration-ms="46460">
      <class name="brandpages.boat">
        <test-method signature="scrapData()[pri:0, instance:brandpages.boat@b5cc23a]" started-at="2025-09-09T17:51:25 IST" name="scrapData" finished-at="2025-09-09T17:52:12 IST" duration-ms="46425" status="PASS">
          <reporter-output>
          </reporter-output>
        </test-method> <!-- scrapData -->
      </class> <!-- brandpages.boat -->
    </test> <!-- Default test -->
  </suite> <!-- Default suite -->
</testng-results>
